  tcp_client.cpp
  c:\program files (x86)\microsoft directx sdk (june 2010)\include\dinput.h: DIRECTINPUT_VERSION undefined. Defaulting to version 0x0800
  コードを生成中...
  コンパイル中...
  tutorial.cpp
  c:\program files (x86)\microsoft directx sdk (june 2010)\include\dinput.h: DIRECTINPUT_VERSION undefined. Defaulting to version 0x0800
  title.cpp
  c:\program files (x86)\microsoft directx sdk (june 2010)\include\dinput.h: DIRECTINPUT_VERSION undefined. Defaulting to version 0x0800
  sound.cpp
  c:\program files (x86)\microsoft directx sdk (june 2010)\include\dinput.h: DIRECTINPUT_VERSION undefined. Defaulting to version 0x0800
  scene2d.cpp
  c:\program files (x86)\microsoft directx sdk (june 2010)\include\dinput.h: DIRECTINPUT_VERSION undefined. Defaulting to version 0x0800
c:\users\gsp012\desktop\saito-hiroyuki\吉田学園情報ビジネス専門学校_齋藤大行\②_作品2(早押しアタックチャンス)\①_開発環境\ゲーム本体\teamproject\scene2d.cpp(241): warning C4244: '引数': 'FLOAT' から 'DWORD' への変換です。データが失われる可能性があります。
c:\users\gsp012\desktop\saito-hiroyuki\吉田学園情報ビジネス専門学校_齋藤大行\②_作品2(早押しアタックチャンス)\①_開発環境\ゲーム本体\teamproject\scene2d.cpp(242): warning C4244: '引数': 'FLOAT' から 'DWORD' への変換です。データが失われる可能性があります。
c:\users\gsp012\desktop\saito-hiroyuki\吉田学園情報ビジネス専門学校_齋藤大行\②_作品2(早押しアタックチャンス)\①_開発環境\ゲーム本体\teamproject\scene2d.cpp(243): warning C4244: '引数': 'FLOAT' から 'DWORD' への変換です。データが失われる可能性があります。
c:\users\gsp012\desktop\saito-hiroyuki\吉田学園情報ビジネス専門学校_齋藤大行\②_作品2(早押しアタックチャンス)\①_開発環境\ゲーム本体\teamproject\scene2d.cpp(244): warning C4244: '引数': 'FLOAT' から 'DWORD' への変換です。データが失われる可能性があります。
  scene.cpp
  c:\program files (x86)\microsoft directx sdk (june 2010)\include\dinput.h: DIRECTINPUT_VERSION undefined. Defaulting to version 0x0800
  result.cpp
  c:\program files (x86)\microsoft directx sdk (june 2010)\include\dinput.h: DIRECTINPUT_VERSION undefined. Defaulting to version 0x0800
  renderer.cpp
  c:\program files (x86)\microsoft directx sdk (june 2010)\include\dinput.h: DIRECTINPUT_VERSION undefined. Defaulting to version 0x0800
  protocol_ranking.cpp
  c:\program files (x86)\microsoft directx sdk (june 2010)\include\dinput.h: DIRECTINPUT_VERSION undefined. Defaulting to version 0x0800
c:\users\gsp012\desktop\saito-hiroyuki\吉田学園情報ビジネス専門学校_齋藤大行\②_作品2(早押しアタックチャンス)\①_開発環境\ゲーム本体\teamproject\protocol_ranking.cpp(163): warning C4996: 'sprintf': This function or variable may be unsafe. Consider using sprintf_s instead. To disable deprecation, use _CRT_SECURE_NO_WARNINGS. See online help for details.
  c:\program files (x86)\windows kits\10\include\10.0.10240.0\ucrt\stdio.h(1769): note: 'sprintf' の宣言を確認してください
c:\users\gsp012\desktop\saito-hiroyuki\吉田学園情報ビジネス専門学校_齋藤大行\②_作品2(早押しアタックチャンス)\①_開発環境\ゲーム本体\teamproject\protocol_ranking.cpp(172): warning C4996: 'sprintf': This function or variable may be unsafe. Consider using sprintf_s instead. To disable deprecation, use _CRT_SECURE_NO_WARNINGS. See online help for details.
  c:\program files (x86)\windows kits\10\include\10.0.10240.0\ucrt\stdio.h(1769): note: 'sprintf' の宣言を確認してください
c:\users\gsp012\desktop\saito-hiroyuki\吉田学園情報ビジネス専門学校_齋藤大行\②_作品2(早押しアタックチャンス)\①_開発環境\ゲーム本体\teamproject\protocol_ranking.cpp(178): warning C4996: 'sprintf': This function or variable may be unsafe. Consider using sprintf_s instead. To disable deprecation, use _CRT_SECURE_NO_WARNINGS. See online help for details.
  c:\program files (x86)\windows kits\10\include\10.0.10240.0\ucrt\stdio.h(1769): note: 'sprintf' の宣言を確認してください
c:\users\gsp012\desktop\saito-hiroyuki\吉田学園情報ビジネス専門学校_齋藤大行\②_作品2(早押しアタックチャンス)\①_開発環境\ゲーム本体\teamproject\protocol_ranking.cpp(183): warning C4996: 'sprintf': This function or variable may be unsafe. Consider using sprintf_s instead. To disable deprecation, use _CRT_SECURE_NO_WARNINGS. See online help for details.
  c:\program files (x86)\windows kits\10\include\10.0.10240.0\ucrt\stdio.h(1769): note: 'sprintf' の宣言を確認してください
c:\users\gsp012\desktop\saito-hiroyuki\吉田学園情報ビジネス専門学校_齋藤大行\②_作品2(早押しアタックチャンス)\①_開発環境\ゲーム本体\teamproject\protocol_ranking.cpp(198): warning C4996: 'fopen': This function or variable may be unsafe. Consider using fopen_s instead. To disable deprecation, use _CRT_SECURE_NO_WARNINGS. See online help for details.
  c:\program files (x86)\windows kits\10\include\10.0.10240.0\ucrt\stdio.h(205): note: 'fopen' の宣言を確認してください
c:\users\gsp012\desktop\saito-hiroyuki\吉田学園情報ビジネス専門学校_齋藤大行\②_作品2(早押しアタックチャンス)\①_開発環境\ゲーム本体\teamproject\protocol_ranking.cpp(202): warning C4996: 'fscanf': This function or variable may be unsafe. Consider using fscanf_s instead. To disable deprecation, use _CRT_SECURE_NO_WARNINGS. See online help for details.
  c:\program files (x86)\windows kits\10\include\10.0.10240.0\ucrt\stdio.h(1193): note: 'fscanf' の宣言を確認してください
  polygon.cpp
  c:\program files (x86)\microsoft directx sdk (june 2010)\include\dinput.h: DIRECTINPUT_VERSION undefined. Defaulting to version 0x0800
c:\users\gsp012\desktop\saito-hiroyuki\吉田学園情報ビジネス専門学校_齋藤大行\②_作品2(早押しアタックチャンス)\①_開発環境\ゲーム本体\teamproject\polygon.cpp(131): warning C4018: '>=': signed と unsigned の数値を比較しようとしました。
c:\users\gsp012\desktop\saito-hiroyuki\吉田学園情報ビジネス専門学校_齋藤大行\②_作品2(早押しアタックチャンス)\①_開発環境\ゲーム本体\teamproject\polygon.cpp(195): warning C4244: '引数': 'float' から 'int' への変換です。データが失われる可能性があります。
  manager.cpp
  c:\program files (x86)\microsoft directx sdk (june 2010)\include\dinput.h: DIRECTINPUT_VERSION undefined. Defaulting to version 0x0800
  main.cpp
  c:\program files (x86)\microsoft directx sdk (june 2010)\include\dinput.h: DIRECTINPUT_VERSION undefined. Defaulting to version 0x0800
  inputkeyboard.cpp
  c:\program files (x86)\microsoft directx sdk (june 2010)\include\dinput.h: DIRECTINPUT_VERSION undefined. Defaulting to version 0x0800
  input.cpp
  c:\program files (x86)\microsoft directx sdk (june 2010)\include\dinput.h: DIRECTINPUT_VERSION undefined. Defaulting to version 0x0800
  displaytime.cpp
  c:\program files (x86)\microsoft directx sdk (june 2010)\include\dinput.h: DIRECTINPUT_VERSION undefined. Defaulting to version 0x0800
c:\users\gsp012\desktop\saito-hiroyuki\吉田学園情報ビジネス専門学校_齋藤大行\②_作品2(早押しアタックチャンス)\①_開発環境\ゲーム本体\teamproject\displaytime.cpp(231): warning C4838: 'double' から 'LONG' への変換には縮小変換が必要です
c:\users\gsp012\desktop\saito-hiroyuki\吉田学園情報ビジネス専門学校_齋藤大行\②_作品2(早押しアタックチャンス)\①_開発環境\ゲーム本体\teamproject\displaytime.cpp(231): warning C4244: '初期化中': 'double' から 'LONG' への変換です。データが失われる可能性があります。
c:\users\gsp012\desktop\saito-hiroyuki\吉田学園情報ビジネス専門学校_齋藤大行\②_作品2(早押しアタックチャンス)\①_開発環境\ゲーム本体\teamproject\displaytime.cpp(246): warning C4838: 'double' から 'LONG' への変換には縮小変換が必要です
c:\users\gsp012\desktop\saito-hiroyuki\吉田学園情報ビジネス専門学校_齋藤大行\②_作品2(早押しアタックチャンス)\①_開発環境\ゲーム本体\teamproject\displaytime.cpp(246): warning C4244: '初期化中': 'double' から 'LONG' への変換です。データが失われる可能性があります。
c:\users\gsp012\desktop\saito-hiroyuki\吉田学園情報ビジネス専門学校_齋藤大行\②_作品2(早押しアタックチャンス)\①_開発環境\ゲーム本体\teamproject\displaytime.cpp(260): warning C4838: 'double' から 'LONG' への変換には縮小変換が必要です
c:\users\gsp012\desktop\saito-hiroyuki\吉田学園情報ビジネス専門学校_齋藤大行\②_作品2(早押しアタックチャンス)\①_開発環境\ゲーム本体\teamproject\displaytime.cpp(260): warning C4244: '初期化中': 'double' から 'LONG' への変換です。データが失われる可能性があります。
  bg.cpp
  c:\program files (x86)\microsoft directx sdk (june 2010)\include\dinput.h: DIRECTINPUT_VERSION undefined. Defaulting to version 0x0800
c:\users\gsp012\desktop\saito-hiroyuki\吉田学園情報ビジネス専門学校_齋藤大行\②_作品2(早押しアタックチャンス)\①_開発環境\ゲーム本体\teamproject\bg.cpp(115): warning C4244: '引数': 'float' から 'int' への変換です。データが失われる可能性があります。
c:\users\gsp012\desktop\saito-hiroyuki\吉田学園情報ビジネス専門学校_齋藤大行\②_作品2(早押しアタックチャンス)\①_開発環境\ゲーム本体\teamproject\bg.cpp(128): warning C4244: '引数': 'float' から 'int' への変換です。データが失われる可能性があります。
  コードを生成中...
  TeamProject.vcxproj -> C:\Users\gsp012\Desktop\saito-hiroyuki\吉田学園情報ビジネス専門学校_齋藤大行\②_作品2(早押しアタックチャンス)\①_開発環境\ゲーム本体\Debug\TeamProject.exe
  TeamProject.vcxproj -> C:\Users\gsp012\Desktop\saito-hiroyuki\吉田学園情報ビジネス専門学校_齋藤大行\②_作品2(早押しアタックチャンス)\①_開発環境\ゲーム本体\Debug\TeamProject.pdb (Full PDB)
